<?xml version="1.0" encoding="UTF-8"?>
<!-- Generated by org.testng.reporters.JUnitReportReporter -->
<testsuite hostname="LAPTOP-0VS4CT9T" failures="0" tests="1" name="cucumberOptions.TestRunner" time="0.014" errors="0" timestamp="2020-11-20T00:17:55 CST" skipped="0">
  <testcase classname="cucumberOptions.TestRunner" name="feature" time="0.014"/>
  <system-out/>
</testsuite> <!-- cucumberOptions.TestRunner -->
